<?xml version="1.0" encoding="UTF-8"?>
<!-- Generated by org.testng.reporters.JUnitReportReporter -->
<testsuite skipped="0" hostname="DESKTOP-FTMUNKK" name="testcases.TC001Login" tests="1" failures="0" timestamp="23 Apr 2021 01:45:24 GMT" time="3.524" errors="0">
  <testcase name="verifyLogin" time="3.524" classname="testcases.TC001Login"/>
</testsuite> <!-- testcases.TC001Login -->
