<?xml version="1.0" encoding="UTF-8"?>
<!-- Generated by org.testng.reporters.JUnitReportReporter -->
<testsuite skipped="0" hostname="DESKTOP-FTMUNKK" name="testcases.TC002Payee" tests="1" failures="0" timestamp="23 Apr 2021 01:45:24 GMT" time="13.556" errors="0">
  <testcase name="addPayee" time="13.556" classname="testcases.TC002Payee"/>
</testsuite> <!-- testcases.TC002Payee -->
