<?xml version="1.0" encoding="UTF-8"?>
<!-- Generated by org.testng.reporters.JUnitReportReporter -->
<testsuite skipped="0" hostname="DESKTOP-FTMUNKK" name="testcases.TC004PurchaseCurrency" tests="1" failures="0" timestamp="23 Apr 2021 01:45:24 GMT" time="12.328" errors="0">
  <testcase name="PurchaseCurrency" time="12.328" classname="testcases.TC004PurchaseCurrency"/>
</testsuite> <!-- testcases.TC004PurchaseCurrency -->
