<?xml version="1.0" encoding="UTF-8"?>
<!-- Generated by org.testng.reporters.JUnitReportReporter -->
<testsuite skipped="0" hostname="DESKTOP-FTMUNKK" name="testcases.TC002AddPayee" tests="1" failures="0" timestamp="22 Apr 2021 04:00:13 GMT" time="12.179" errors="0">
  <testcase name="addPayee" time="12.179" classname="testcases.TC002AddPayee"/>
</testsuite> <!-- testcases.TC002AddPayee -->
