<?xml version="1.0" encoding="UTF-8"?>
<!-- Generated by org.testng.reporters.JUnitReportReporter -->
<testsuite skipped="0" hostname="DESKTOP-FTMUNKK" name="testcases.TC003PayBills" tests="1" failures="0" timestamp="23 Apr 2021 01:45:24 GMT" time="16.806" errors="0">
  <testcase name="PayAddPayee" time="16.806" classname="testcases.TC003PayBills"/>
</testsuite> <!-- testcases.TC003PayBills -->
