<?xml version="1.0" encoding="UTF-8"?>
<!-- Generated by org.testng.reporters.JUnitReportReporter -->
<testsuite skipped="0" hostname="DESKTOP-FTMUNKK" name="testcases.TC001Login" tests="1" failures="0" timestamp="22 Apr 2021 23:27:13 GMT" time="4.445" errors="0">
  <testcase name="verifyLogin" time="4.445" classname="testcases.TC001Login"/>
</testsuite> <!-- testcases.TC001Login -->
