<?xml version="1.0" encoding="UTF-8"?>
<!-- Generated by org.testng.reporters.JUnitReportReporter -->
<testsuite skipped="0" hostname="DESKTOP-FTMUNKK" name="testcases.TC002Payee" tests="1" failures="0" timestamp="22 Apr 2021 23:27:13 GMT" time="12.248" errors="0">
  <testcase name="addPayee" time="12.248" classname="testcases.TC002Payee"/>
</testsuite> <!-- testcases.TC002Payee -->
